Using pre-set license
Built from '2021.1/staging' branch; Version is '2021.1.12f1 (afcadd793de6) revision 11520733'; Using compiler version '192528614'; Build Type 'Release'
OS: 'Windows 10 Enterprise; OS build 19042.1526; Version 2009; 64bit' Language: 'en' Physical Memory: 8149 MB
BatchMode: 1, IsHumanControllingUs: 0, StartBugReporterOnCrash: 0, Is64bit: 1, IsPro: 0

 COMMAND LINE ARGUMENTS:
C:\Program Files\Unity Hub\2021\Editor\Unity.exe
-adb2
-batchMode
-noUpm
-name
AssetImportWorker0
-projectPath
C:/Users/364683/Downloads/MasterMegaMinds-main/MasterMegaMinds-main
-logFile
Logs/AssetImportWorker0.log
-srvPort
53731
Successfully changed project path to: C:/Users/364683/Downloads/MasterMegaMinds-main/MasterMegaMinds-main
C:/Users/364683/Downloads/MasterMegaMinds-main/MasterMegaMinds-main
Using Asset Import Pipeline V2.
Refreshing native plugins compatible for Editor in 60.47 ms, found 2 plugins.
Preloading 0 native plugins for Editor in 0.00 ms.
Initialize engine version: 2021.1.12f1 (afcadd793de6)
[Subsystems] Discovering subsystems at path C:/Program Files/Unity Hub/2021/Editor/Data/Resources/UnitySubsystems
[Subsystems] Discovering subsystems at path C:/Users/364683/Downloads/MasterMegaMinds-main/MasterMegaMinds-main/Assets
GfxDevice: creating device client; threaded=0; jobified=0
Direct3D:
    Version:  Direct3D 11.0 [level 11.0]
    Renderer: NVIDIA Quadro K2000 (ID=0xffe)
    Vendor:   NVIDIA
    VRAM:     2007 MB
    Driver:   30.0.14.7168
Initialize mono
Mono path[0] = 'C:/Program Files/Unity Hub/2021/Editor/Data/Managed'
Mono path[1] = 'C:/Program Files/Unity Hub/2021/Editor/Data/MonoBleedingEdge/lib/mono/unityjit'
Mono config path = 'C:/Program Files/Unity Hub/2021/Editor/Data/MonoBleedingEdge/etc'
Using monoOptions --debugger-agent=transport=dt_socket,embedding=1,server=y,suspend=n,address=127.0.0.1:56184
Begin MonoManager ReloadAssembly
Registering precompiled unity dll's ...
Register platform support module: C:/Program Files/Unity Hub/2021/Editor/Data/PlaybackEngines/WebGLSupport/UnityEditor.WebGL.Extensions.dll
Register platform support module: C:/Program Files/Unity Hub/2021/Editor/Data/PlaybackEngines/WindowsStandaloneSupport/UnityEditor.WindowsStandalone.Extensions.dll
Registered in 0.004941 seconds.
Native extension for WindowsStandalone target not found
Native extension for WebGL target not found
Refreshing native plugins compatible for Editor in 36.78 ms, found 2 plugins.
Preloading 0 native plugins for Editor in 0.00 ms.
Mono: successfully reloaded assembly
- Completed reload, in  2.294 seconds
Domain Reload Profiling:
	ReloadAssembly (2294ms)
		BeginReloadAssembly (116ms)
			ExecutionOrderSort (0ms)
			DisableScriptedObjects (0ms)
			BackupInstance (0ms)
			ReleaseScriptingObjects (0ms)
			CreateAndSetChildDomain (1ms)
		EndReloadAssembly (577ms)
			LoadAssemblies (113ms)
			RebuildTransferFunctionScriptingTraits (0ms)
			SetupTypeCache (223ms)
			ReleaseScriptCaches (0ms)
			RebuildScriptCaches (42ms)
			SetupLoadedEditorAssemblies (246ms)
				LogAssemblyErrors (0ms)
				InitializePlatformSupportModulesInManaged (9ms)
				SetLoadedEditorAssemblies (0ms)
				RefreshPlugins (37ms)
				BeforeProcessingInitializeOnLoad (2ms)
				ProcessInitializeOnLoadAttributes (156ms)
				ProcessInitializeOnLoadMethodAttributes (42ms)
				AfterProcessingInitializeOnLoad (0ms)
				EditorAssembliesLoaded (0ms)
			ExecutionOrderSort2 (0ms)
			AwakeInstancesAfterBackupRestoration (0ms)
Platform modules already initialized, skipping
Registering precompiled user dll's ...
Registered in 0.008773 seconds.
Begin MonoManager ReloadAssembly
Native extension for WindowsStandalone target not found
Native extension for WebGL target not found
Refreshing native plugins compatible for Editor in 0.42 ms, found 2 plugins.
Preloading 0 native plugins for Editor in 0.00 ms.
Mono: successfully reloaded assembly
- Completed reload, in  1.419 seconds
Domain Reload Profiling:
	ReloadAssembly (1420ms)
		BeginReloadAssembly (217ms)
			ExecutionOrderSort (0ms)
			DisableScriptedObjects (6ms)
			BackupInstance (0ms)
			ReleaseScriptingObjects (0ms)
			CreateAndSetChildDomain (27ms)
		EndReloadAssembly (1119ms)
			LoadAssemblies (134ms)
			RebuildTransferFunctionScriptingTraits (0ms)
			SetupTypeCache (376ms)
			ReleaseScriptCaches (0ms)
			RebuildScriptCaches (76ms)
			SetupLoadedEditorAssemblies (404ms)
				LogAssemblyErrors (0ms)
				InitializePlatformSupportModulesInManaged (8ms)
				SetLoadedEditorAssemblies (1ms)
				RefreshPlugins (1ms)
				BeforeProcessingInitializeOnLoad (81ms)
				ProcessInitializeOnLoadAttributes (297ms)
				ProcessInitializeOnLoadMethodAttributes (6ms)
				AfterProcessingInitializeOnLoad (11ms)
				EditorAssembliesLoaded (0ms)
			ExecutionOrderSort2 (0ms)
			AwakeInstancesAfterBackupRestoration (11ms)
Platform modules already initialized, skipping
========================================================================
Worker process is ready to serve import requests
Launched and connected shader compiler UnityShaderCompiler.exe after 0.09 seconds
Refreshing native plugins compatible for Editor in 0.41 ms, found 2 plugins.
Preloading 0 native plugins for Editor in 0.00 ms.
Unloading 1412 Unused Serialized files (Serialized files now loaded: 0)
System memory in use before: 66.1 MB.
System memory in use after: 66.2 MB.

Unloading 16 unused Assets to reduce memory usage. Loaded Objects now: 1862.
Total: 2.321800 ms (FindLiveObjects: 0.131700 ms CreateObjectMapping: 0.058800 ms MarkObjects: 2.057100 ms  DeleteObjects: 0.072500 ms)

AssetImportParameters requested are different than current active one (requested -> active):
  custom:framework-win-MediaFoundation: 216162199b28c13a410421893ffa2e32 -> 
  custom:video-decoder-ogg-theora: a1e56fd34408186e4bbccfd4996cb3dc -> 
  custom:container-muxer-webm: aa71ff27fc2769a1b78a27578f13a17b -> 
  custom:container-demuxer-webm: 4f35f7cbe854078d1ac9338744f61a02 -> 
  custom:container-demuxer-ogg: 62fdf1f143b41e24485cea50d1cbac27 -> 
  custom:video-encoder-webm-vp8: eb34c28f22e8b96e1ab97ce403110664 -> 
  custom:video-decoder-webm-vp8: 9c59270c3fd7afecdb556c50c9e8de78 -> 
  custom:audio-decoder-ogg-vorbis: bf7c407c2cedff20999df2af8eb42d56 -> 
  custom:audio-encoder-webm-vorbis: bf7c407c2cedff20999df2af8eb42d56 -> 
========================================================================
Received Import Request.
  path: Assets/Materials/Blue.mat
  artifactKey: Guid(bb79df49dd7c11141bf472d2d2c73e56) Importer(815301076,1909f56bfc062723c751e8b465ee728b)
Start importing Assets/Materials/Blue.mat using Guid(bb79df49dd7c11141bf472d2d2c73e56) Importer(815301076,1909f56bfc062723c751e8b465ee728b)  -> (artifact id: '499fb1e2dcebd8348db2fafad90ea1c4') in 0.286955 seconds 
========================================================================
Received Import Request.
  Time since last request: 0.000315 seconds.
  path: Assets/Materials/Green.mat
  artifactKey: Guid(f6e0b74a65c163845b6928e7e8a3b931) Importer(815301076,1909f56bfc062723c751e8b465ee728b)
Start importing Assets/Materials/Green.mat using Guid(f6e0b74a65c163845b6928e7e8a3b931) Importer(815301076,1909f56bfc062723c751e8b465ee728b)  -> (artifact id: '9a03f67ef8a47f3effb67cf586f2dc19') in 0.020032 seconds 
========================================================================
Received Import Request.
  Time since last request: 0.000360 seconds.
  path: Assets/Materials/Red.mat
  artifactKey: Guid(a0a0b8787e0a0c54d83538550ab73649) Importer(815301076,1909f56bfc062723c751e8b465ee728b)
Start importing Assets/Materials/Red.mat using Guid(a0a0b8787e0a0c54d83538550ab73649) Importer(815301076,1909f56bfc062723c751e8b465ee728b)  -> (artifact id: 'b13a16f1acd23c5c17f72b120f3356f6') in 0.017826 seconds 
========================================================================
Received Import Request.
  Time since last request: 0.000271 seconds.
  path: Assets/Scenes/SampleScene.scenetemplate
  artifactKey: Guid(2955384e31de5884186cdfd57b610203) Importer(815301076,1909f56bfc062723c751e8b465ee728b)
Start importing Assets/Scenes/SampleScene.scenetemplate using Guid(2955384e31de5884186cdfd57b610203) Importer(815301076,1909f56bfc062723c751e8b465ee728b)  -> (artifact id: '552b9928bd2d4b76049ce71bc9c779e5') in 0.029904 seconds 
========================================================================
Received Import Request.
  Time since last request: 0.000389 seconds.
  path: Assets/Materials/Yellow.mat
  artifactKey: Guid(e8943807f2f9a3a41a04c49f61981500) Importer(815301076,1909f56bfc062723c751e8b465ee728b)
Start importing Assets/Materials/Yellow.mat using Guid(e8943807f2f9a3a41a04c49f61981500) Importer(815301076,1909f56bfc062723c751e8b465ee728b)  -> (artifact id: 'a2c2a5e9df8d69578d0fa1106098c395') in 0.016172 seconds 
========================================================================
Received Import Request.
  Time since last request: 0.000273 seconds.
  path: Assets/Materials/Board.mat
  artifactKey: Guid(2dcd23e3cb3eb4b4b93adf5b54331069) Importer(815301076,1909f56bfc062723c751e8b465ee728b)
Start importing Assets/Materials/Board.mat using Guid(2dcd23e3cb3eb4b4b93adf5b54331069) Importer(815301076,1909f56bfc062723c751e8b465ee728b)  -> (artifact id: '785cbdc1d782b070983180271a395f07') in 0.018297 seconds 
========================================================================
Received Import Request.
  Time since last request: 0.000319 seconds.
  path: Assets/Materials/water.jpg
  artifactKey: Guid(32e717eacc6a10e44b8295f589cadcf2) Importer(815301076,1909f56bfc062723c751e8b465ee728b)
Start importing Assets/Materials/water.jpg using Guid(32e717eacc6a10e44b8295f589cadcf2) Importer(815301076,1909f56bfc062723c751e8b465ee728b)  -> (artifact id: 'd3aaf9b31d8246a1b5303b5039ab90f9') in 0.277972 seconds 
========================================================================
Received Import Request.
  Time since last request: 22.415657 seconds.
  path: Assets/New Folder
  artifactKey: Guid(558b12c7a927b654a890e9c5d761fa47) Importer(815301076,1909f56bfc062723c751e8b465ee728b)
Start importing Assets/New Folder using Guid(558b12c7a927b654a890e9c5d761fa47) Importer(815301076,1909f56bfc062723c751e8b465ee728b)  -> (artifact id: '9b66a1f749ca859ed7b53b538a8e9e93') in 0.004801 seconds 
========================================================================
Received Import Request.
  Time since last request: 74.226090 seconds.
  path: Assets/Materials
  artifactKey: Guid(dd7a9d85c4085524088a9a741f568aa3) Importer(815301076,1909f56bfc062723c751e8b465ee728b)
Start importing Assets/Materials using Guid(dd7a9d85c4085524088a9a741f568aa3) Importer(815301076,1909f56bfc062723c751e8b465ee728b)  -> (artifact id: '75cbda2651b63da048b2c5a3e4cef18a') in 0.005512 seconds 
========================================================================
Received Import Request.
  Time since last request: 7.758445 seconds.
  path: Assets/Materials/New Material.mat
  artifactKey: Guid(115a0010519544e44b5c09832306ce8b) Importer(815301076,1909f56bfc062723c751e8b465ee728b)
Start importing Assets/Materials/New Material.mat using Guid(115a0010519544e44b5c09832306ce8b) Importer(815301076,1909f56bfc062723c751e8b465ee728b)  -> (artifact id: 'c3ee5a229b14b4f241e33edfccf595e9') in 0.015961 seconds 
========================================================================
Received Import Request.
  Time since last request: 52.698077 seconds.
  path: Assets/Materials/New Material.mat
  artifactKey: Guid(115a0010519544e44b5c09832306ce8b) Importer(815301076,1909f56bfc062723c751e8b465ee728b)
Start importing Assets/Materials/New Material.mat using Guid(115a0010519544e44b5c09832306ce8b) Importer(815301076,1909f56bfc062723c751e8b465ee728b)  -> (artifact id: 'add8df9387b0d6d18b2a30f4f831f026') in 0.013298 seconds 
AssetImportWorkerClient::OnTransportError - code=2 error=End of file
